2021-06-25 13:13:09,170 INFO o.a.j.u.JMeterUtils: Setting Locale to en_EN
2021-06-25 13:13:09,226 INFO o.a.j.JMeter: Loading user properties from: C:\apache-jmeter-5.4.1\bin\user.properties
2021-06-25 13:13:09,228 INFO o.a.j.JMeter: Loading system properties from: C:\apache-jmeter-5.4.1\bin\system.properties
2021-06-25 13:13:09,243 INFO o.a.j.JMeter: Copyright (c) 1998-2021 The Apache Software Foundation
2021-06-25 13:13:09,243 INFO o.a.j.JMeter: Version 5.4.1
2021-06-25 13:13:09,244 INFO o.a.j.JMeter: java.version=14.0.2
2021-06-25 13:13:09,244 INFO o.a.j.JMeter: java.vm.name=Java HotSpot(TM) 64-Bit Server VM
2021-06-25 13:13:09,244 INFO o.a.j.JMeter: os.name=Windows 10
2021-06-25 13:13:09,244 INFO o.a.j.JMeter: os.arch=amd64
2021-06-25 13:13:09,244 INFO o.a.j.JMeter: os.version=10.0
2021-06-25 13:13:09,244 INFO o.a.j.JMeter: file.encoding=Cp1252
2021-06-25 13:13:09,244 INFO o.a.j.JMeter: java.awt.headless=true
2021-06-25 13:13:09,245 INFO o.a.j.JMeter: Max memory     =1073741824
2021-06-25 13:13:09,245 INFO o.a.j.JMeter: Available Processors =4
2021-06-25 13:13:09,273 INFO o.a.j.JMeter: Default Locale=English (EN)
2021-06-25 13:13:09,274 INFO o.a.j.JMeter: JMeter  Locale=English (EN)
2021-06-25 13:13:09,274 INFO o.a.j.JMeter: JMeterHome=C:\apache-jmeter-5.4.1
2021-06-25 13:13:09,274 INFO o.a.j.JMeter: user.dir  =C:\Users\localadmin\Desktop\QA_Infosys_Training\JAVA_2\Choonz-SDET-Project
2021-06-25 13:13:09,275 INFO o.a.j.JMeter: PWD       =C:\Users\localadmin\Desktop\QA_Infosys_Training\JAVA_2\Choonz-SDET-Project
2021-06-25 13:13:09,321 INFO o.a.j.JMeter: IP: 192.168.1.24 Name: DESKTOP-AF0M2PV FullName: 192.168.1.24
2021-06-25 13:13:09,331 INFO o.a.j.s.FileServer: Default base='C:\Users\localadmin\Desktop\QA_Infosys_Training\JAVA_2\Choonz-SDET-Project'
2021-06-25 13:13:09,333 INFO o.a.j.s.FileServer: Set new base='C:\Users\localadmin\Desktop\QA_Infosys_Training\JAVA_2\Choonz-SDET-Project'
2021-06-25 13:13:09,606 INFO o.a.j.s.SaveService: Testplan (JMX) version: 2.2. Testlog (JTL) version: 2.2
2021-06-25 13:13:09,655 INFO o.a.j.s.SaveService: Using SaveService properties version 5.0
2021-06-25 13:13:09,662 INFO o.a.j.s.SaveService: Using SaveService properties file encoding UTF-8
2021-06-25 13:13:09,671 INFO o.a.j.s.SaveService: Loading file: Choonzo_jmeter.jmx
2021-06-25 13:13:09,807 INFO o.a.j.p.h.s.HTTPSamplerBase: Parser for text/html is org.apache.jmeter.protocol.http.parser.LagartoBasedHtmlParser
2021-06-25 13:13:09,807 INFO o.a.j.p.h.s.HTTPSamplerBase: Parser for application/xhtml+xml is org.apache.jmeter.protocol.http.parser.LagartoBasedHtmlParser
2021-06-25 13:13:09,807 INFO o.a.j.p.h.s.HTTPSamplerBase: Parser for application/xml is org.apache.jmeter.protocol.http.parser.LagartoBasedHtmlParser
2021-06-25 13:13:09,807 INFO o.a.j.p.h.s.HTTPSamplerBase: Parser for text/xml is org.apache.jmeter.protocol.http.parser.LagartoBasedHtmlParser
2021-06-25 13:13:09,807 INFO o.a.j.p.h.s.HTTPSamplerBase: Parser for text/vnd.wap.wml is org.apache.jmeter.protocol.http.parser.RegexpHTMLParser
2021-06-25 13:13:09,808 INFO o.a.j.p.h.s.HTTPSamplerBase: Parser for text/css is org.apache.jmeter.protocol.http.parser.CssParser
2021-06-25 13:13:10,048 INFO o.a.j.JMeter: Creating summariser <summary>
2021-06-25 13:13:10,080 INFO o.a.j.e.StandardJMeterEngine: Running the test!
2021-06-25 13:13:10,087 INFO o.a.j.s.SampleEvent: List of sample_variables: []
2021-06-25 13:13:10,088 INFO o.a.j.s.SampleEvent: List of sample_variables: []
2021-06-25 13:13:10,123 INFO o.a.j.e.u.CompoundVariable: Note: Function class names must contain the string: '.functions.'
2021-06-25 13:13:10,123 INFO o.a.j.e.u.CompoundVariable: Note: Function class names must not contain the string: '.gui.'
2021-06-25 13:13:10,814 INFO o.a.j.JMeter: Running test (1624641190814)
2021-06-25 13:13:10,846 INFO o.a.j.e.StandardJMeterEngine: Starting ThreadGroup: 1 : jp@gc - Load Thread Group
2021-06-25 13:13:10,847 INFO o.a.j.e.StandardJMeterEngine: Starting 100 threads for group jp@gc - Load Thread Group.
2021-06-25 13:13:10,847 INFO o.a.j.e.StandardJMeterEngine: Thread will continue on error
2021-06-25 13:13:10,847 INFO k.a.j.t.AbstractSimpleThreadGroup: Starting thread group number 1 threads 100
2021-06-25 13:13:10,878 INFO o.a.j.s.SampleResult: Note: Sample TimeStamps are START times
2021-06-25 13:13:10,881 INFO o.a.j.s.SampleResult: sampleresult.default.encoding is set to ISO-8859-1
2021-06-25 13:13:10,885 INFO o.a.j.s.SampleResult: sampleresult.useNanoTime=true
2021-06-25 13:13:10,885 INFO o.a.j.s.SampleResult: sampleresult.nanoThreadSleep=5000
2021-06-25 13:13:11,056 INFO k.a.j.t.AbstractSimpleThreadGroup: Started thread group number 1
2021-06-25 13:13:11,057 INFO o.a.j.e.StandardJMeterEngine: All thread groups have been started
2021-06-25 13:13:20,949 INFO o.a.j.t.JMeterThread: Thread started: jp@gc - Load Thread Group 1-100
2021-06-25 13:13:21,048 INFO o.a.j.t.JMeterThread: Thread started: jp@gc - Load Thread Group 1-99
2021-06-25 13:13:21,149 INFO o.a.j.t.JMeterThread: Thread started: jp@gc - Load Thread Group 1-98
2021-06-25 13:13:21,248 INFO o.a.j.t.JMeterThread: Thread started: jp@gc - Load Thread Group 1-97
2021-06-25 13:13:21,302 INFO o.a.j.p.h.s.HTTPHCAbstractImpl: Local host = DESKTOP-AF0M2PV
2021-06-25 13:13:21,317 INFO o.a.j.p.h.s.HTTPHC4Impl: HTTP request retry count = 0
2021-06-25 13:13:21,348 INFO o.a.j.t.JMeterThread: Thread started: jp@gc - Load Thread Group 1-96
2021-06-25 13:13:21,448 INFO o.a.j.t.JMeterThread: Thread started: jp@gc - Load Thread Group 1-95
2021-06-25 13:13:21,548 INFO o.a.j.t.JMeterThread: Thread started: jp@gc - Load Thread Group 1-94
2021-06-25 13:13:21,648 INFO o.a.j.t.JMeterThread: Thread started: jp@gc - Load Thread Group 1-93
2021-06-25 13:13:21,751 INFO o.a.j.t.JMeterThread: Thread started: jp@gc - Load Thread Group 1-92
2021-06-25 13:13:21,759 INFO o.a.j.p.h.p.BaseParser: Created org.apache.jmeter.protocol.http.parser.LagartoBasedHtmlParser
2021-06-25 13:13:21,759 INFO o.a.j.p.h.p.BaseParser: Created org.apache.jmeter.protocol.http.parser.LagartoBasedHtmlParser
2021-06-25 13:13:21,760 INFO o.a.j.p.h.p.BaseParser: Created org.apache.jmeter.protocol.http.parser.LagartoBasedHtmlParser
2021-06-25 13:13:21,761 INFO o.a.j.p.h.p.BaseParser: Created org.apache.jmeter.protocol.http.parser.LagartoBasedHtmlParser
2021-06-25 13:13:21,762 INFO o.a.j.p.h.p.BaseParser: Created org.apache.jmeter.protocol.http.parser.LagartoBasedHtmlParser
2021-06-25 13:13:21,917 INFO o.a.j.t.JMeterThread: Thread started: jp@gc - Load Thread Group 1-91
2021-06-25 13:13:21,950 INFO o.a.j.t.JMeterThread: Thread started: jp@gc - Load Thread Group 1-90
2021-06-25 13:13:22,052 INFO o.a.j.p.h.p.BaseParser: Created org.apache.jmeter.protocol.http.parser.CssParser
2021-06-25 13:13:22,052 INFO o.a.j.p.h.p.BaseParser: Created org.apache.jmeter.protocol.http.parser.CssParser
2021-06-25 13:13:22,052 INFO o.a.j.p.h.p.BaseParser: Created org.apache.jmeter.protocol.http.parser.CssParser
2021-06-25 13:13:22,052 INFO o.a.j.p.h.p.BaseParser: Created org.apache.jmeter.protocol.http.parser.CssParser
2021-06-25 13:13:22,052 INFO o.a.j.p.h.p.BaseParser: Created org.apache.jmeter.protocol.http.parser.CssParser
2021-06-25 13:13:22,086 INFO o.a.j.t.JMeterThread: Thread started: jp@gc - Load Thread Group 1-89
2021-06-25 13:13:22,173 INFO o.a.j.t.JMeterThread: Thread started: jp@gc - Load Thread Group 1-88
2021-06-25 13:13:22,254 INFO o.a.j.t.JMeterThread: Thread started: jp@gc - Load Thread Group 1-87
2021-06-25 13:13:22,349 INFO o.a.j.t.JMeterThread: Thread started: jp@gc - Load Thread Group 1-86
2021-06-25 13:13:22,454 INFO o.a.j.t.JMeterThread: Thread started: jp@gc - Load Thread Group 1-85
2021-06-25 13:13:22,548 INFO o.a.j.t.JMeterThread: Thread started: jp@gc - Load Thread Group 1-84
2021-06-25 13:13:22,627 WARN c.h.c.r.e.LoggingCSSParseErrorHandler: [104:61] Unexpected rule '@import': import rule in the middle of the file is not allowed!
2021-06-25 13:13:22,648 INFO o.a.j.t.JMeterThread: Thread started: jp@gc - Load Thread Group 1-83
2021-06-25 13:13:22,751 INFO o.a.j.t.JMeterThread: Thread started: jp@gc - Load Thread Group 1-82
2021-06-25 13:13:22,757 INFO o.a.j.p.h.s.h.LazyLayeredConnectionSocketFactory: Setting up HTTPS TrustAll Socket Factory
2021-06-25 13:13:22,785 INFO o.a.j.u.JsseSSLManager: Using default SSL protocol: TLS
2021-06-25 13:13:22,785 INFO o.a.j.u.JsseSSLManager: SSL session context: per-thread
2021-06-25 13:13:22,849 INFO o.a.j.t.JMeterThread: Thread started: jp@gc - Load Thread Group 1-81
2021-06-25 13:13:22,949 INFO o.a.j.t.JMeterThread: Thread started: jp@gc - Load Thread Group 1-80
2021-06-25 13:13:23,049 INFO o.a.j.t.JMeterThread: Thread started: jp@gc - Load Thread Group 1-79
2021-06-25 13:13:23,093 INFO o.a.j.u.SSLManager: JmeterKeyStore Location:  type JKS
2021-06-25 13:13:23,100 INFO o.a.j.u.SSLManager: KeyStore created OK
2021-06-25 13:13:23,100 WARN o.a.j.u.SSLManager: Keystore file not found, loading empty keystore
2021-06-25 13:13:23,149 INFO o.a.j.t.JMeterThread: Thread started: jp@gc - Load Thread Group 1-78
2021-06-25 13:13:23,249 INFO o.a.j.t.JMeterThread: Thread started: jp@gc - Load Thread Group 1-77
2021-06-25 13:13:23,349 INFO o.a.j.t.JMeterThread: Thread started: jp@gc - Load Thread Group 1-76
2021-06-25 13:13:23,449 INFO o.a.j.t.JMeterThread: Thread started: jp@gc - Load Thread Group 1-75
2021-06-25 13:13:23,715 INFO o.a.j.t.JMeterThread: Thread started: jp@gc - Load Thread Group 1-74
2021-06-25 13:13:23,727 INFO o.a.j.t.JMeterThread: Thread started: jp@gc - Load Thread Group 1-73
2021-06-25 13:13:23,771 INFO o.a.j.t.JMeterThread: Thread started: jp@gc - Load Thread Group 1-72
2021-06-25 13:13:23,984 INFO o.a.j.t.JMeterThread: Thread started: jp@gc - Load Thread Group 1-71
2021-06-25 13:13:24,020 INFO o.a.j.t.JMeterThread: Thread started: jp@gc - Load Thread Group 1-70
2021-06-25 13:13:25,413 INFO o.a.j.t.JMeterThread: Thread started: jp@gc - Load Thread Group 1-69
2021-06-25 13:13:25,508 INFO o.a.j.t.JMeterThread: Thread started: jp@gc - Load Thread Group 1-68
2021-06-25 13:13:25,509 INFO o.a.j.t.JMeterThread: Thread started: jp@gc - Load Thread Group 1-58
2021-06-25 13:13:25,510 INFO o.a.j.t.JMeterThread: Thread started: jp@gc - Load Thread Group 1-57
2021-06-25 13:13:25,510 INFO o.a.j.t.JMeterThread: Thread started: jp@gc - Load Thread Group 1-56
2021-06-25 13:13:25,511 INFO o.a.j.t.JMeterThread: Thread started: jp@gc - Load Thread Group 1-62
2021-06-25 13:13:25,512 INFO o.a.j.t.JMeterThread: Thread started: jp@gc - Load Thread Group 1-60
2021-06-25 13:13:25,511 INFO o.a.j.t.JMeterThread: Thread started: jp@gc - Load Thread Group 1-55
2021-06-25 13:13:25,512 INFO o.a.j.t.JMeterThread: Thread started: jp@gc - Load Thread Group 1-59
2021-06-25 13:13:25,512 INFO o.a.j.t.JMeterThread: Thread started: jp@gc - Load Thread Group 1-63
2021-06-25 13:13:25,512 INFO o.a.j.t.JMeterThread: Thread started: jp@gc - Load Thread Group 1-66
2021-06-25 13:13:25,513 INFO o.a.j.t.JMeterThread: Thread started: jp@gc - Load Thread Group 1-64
2021-06-25 13:13:25,513 INFO o.a.j.t.JMeterThread: Thread started: jp@gc - Load Thread Group 1-65
2021-06-25 13:13:25,514 INFO o.a.j.t.JMeterThread: Thread started: jp@gc - Load Thread Group 1-67
2021-06-25 13:13:25,514 INFO o.a.j.t.JMeterThread: Thread started: jp@gc - Load Thread Group 1-61
2021-06-25 13:13:25,671 INFO o.a.j.t.JMeterThread: Thread started: jp@gc - Load Thread Group 1-54
2021-06-25 13:13:25,720 INFO o.a.j.t.JMeterThread: Thread started: jp@gc - Load Thread Group 1-53
2021-06-25 13:13:25,829 INFO o.a.j.t.JMeterThread: Thread started: jp@gc - Load Thread Group 1-52
2021-06-25 13:13:25,908 INFO o.a.j.t.JMeterThread: Thread started: jp@gc - Load Thread Group 1-51
2021-06-25 13:13:25,951 INFO o.a.j.t.JMeterThread: Thread started: jp@gc - Load Thread Group 1-50
2021-06-25 13:13:26,151 INFO o.a.j.t.JMeterThread: Thread started: jp@gc - Load Thread Group 1-48
2021-06-25 13:13:26,049 INFO o.a.j.t.JMeterThread: Thread started: jp@gc - Load Thread Group 1-49
2021-06-25 13:13:26,251 INFO o.a.j.t.JMeterThread: Thread started: jp@gc - Load Thread Group 1-47
2021-06-25 13:13:26,351 INFO o.a.j.t.JMeterThread: Thread started: jp@gc - Load Thread Group 1-46
2021-06-25 13:13:26,449 INFO o.a.j.t.JMeterThread: Thread started: jp@gc - Load Thread Group 1-45
2021-06-25 13:13:26,549 INFO o.a.j.t.JMeterThread: Thread started: jp@gc - Load Thread Group 1-44
2021-06-25 13:13:26,649 INFO o.a.j.t.JMeterThread: Thread started: jp@gc - Load Thread Group 1-43
2021-06-25 13:13:26,749 INFO o.a.j.t.JMeterThread: Thread started: jp@gc - Load Thread Group 1-42
2021-06-25 13:13:26,848 INFO o.a.j.t.JMeterThread: Thread started: jp@gc - Load Thread Group 1-41
2021-06-25 13:13:26,948 INFO o.a.j.t.JMeterThread: Thread started: jp@gc - Load Thread Group 1-40
2021-06-25 13:13:27,048 INFO o.a.j.t.JMeterThread: Thread started: jp@gc - Load Thread Group 1-39
2021-06-25 13:13:27,148 INFO o.a.j.t.JMeterThread: Thread started: jp@gc - Load Thread Group 1-38
2021-06-25 13:13:27,248 INFO o.a.j.t.JMeterThread: Thread started: jp@gc - Load Thread Group 1-37
2021-06-25 13:13:27,348 INFO o.a.j.t.JMeterThread: Thread started: jp@gc - Load Thread Group 1-36
2021-06-25 13:13:27,449 INFO o.a.j.t.JMeterThread: Thread started: jp@gc - Load Thread Group 1-35
2021-06-25 13:13:27,548 INFO o.a.j.t.JMeterThread: Thread started: jp@gc - Load Thread Group 1-34
2021-06-25 13:13:27,649 INFO o.a.j.t.JMeterThread: Thread started: jp@gc - Load Thread Group 1-33
2021-06-25 13:13:27,748 INFO o.a.j.t.JMeterThread: Thread started: jp@gc - Load Thread Group 1-32
2021-06-25 13:13:27,849 INFO o.a.j.t.JMeterThread: Thread started: jp@gc - Load Thread Group 1-31
2021-06-25 13:13:27,949 INFO o.a.j.t.JMeterThread: Thread started: jp@gc - Load Thread Group 1-30
2021-06-25 13:13:28,048 INFO o.a.j.t.JMeterThread: Thread started: jp@gc - Load Thread Group 1-29
2021-06-25 13:13:28,148 INFO o.a.j.t.JMeterThread: Thread started: jp@gc - Load Thread Group 1-28
2021-06-25 13:13:28,248 INFO o.a.j.t.JMeterThread: Thread started: jp@gc - Load Thread Group 1-27
2021-06-25 13:13:28,348 INFO o.a.j.t.JMeterThread: Thread started: jp@gc - Load Thread Group 1-26
2021-06-25 13:13:28,455 INFO o.a.j.t.JMeterThread: Thread started: jp@gc - Load Thread Group 1-25
2021-06-25 13:13:28,549 INFO o.a.j.t.JMeterThread: Thread started: jp@gc - Load Thread Group 1-24
2021-06-25 13:13:28,648 INFO o.a.j.t.JMeterThread: Thread started: jp@gc - Load Thread Group 1-23
2021-06-25 13:13:28,748 INFO o.a.j.t.JMeterThread: Thread started: jp@gc - Load Thread Group 1-22
2021-06-25 13:13:28,848 INFO o.a.j.t.JMeterThread: Thread started: jp@gc - Load Thread Group 1-21
2021-06-25 13:13:28,949 INFO o.a.j.t.JMeterThread: Thread started: jp@gc - Load Thread Group 1-20
2021-06-25 13:13:29,048 INFO o.a.j.t.JMeterThread: Thread started: jp@gc - Load Thread Group 1-19
2021-06-25 13:13:29,150 INFO o.a.j.t.JMeterThread: Thread started: jp@gc - Load Thread Group 1-18
2021-06-25 13:13:29,248 INFO o.a.j.t.JMeterThread: Thread started: jp@gc - Load Thread Group 1-17
2021-06-25 13:13:29,348 INFO o.a.j.t.JMeterThread: Thread started: jp@gc - Load Thread Group 1-16
2021-06-25 13:13:29,449 INFO o.a.j.t.JMeterThread: Thread started: jp@gc - Load Thread Group 1-15
2021-06-25 13:13:29,549 INFO o.a.j.t.JMeterThread: Thread started: jp@gc - Load Thread Group 1-14
2021-06-25 13:13:29,649 INFO o.a.j.t.JMeterThread: Thread started: jp@gc - Load Thread Group 1-13
2021-06-25 13:13:29,748 INFO o.a.j.t.JMeterThread: Thread started: jp@gc - Load Thread Group 1-12
2021-06-25 13:13:29,848 INFO o.a.j.t.JMeterThread: Thread started: jp@gc - Load Thread Group 1-11
2021-06-25 13:13:29,949 INFO o.a.j.t.JMeterThread: Thread started: jp@gc - Load Thread Group 1-10
2021-06-25 13:13:30,049 INFO o.a.j.t.JMeterThread: Thread started: jp@gc - Load Thread Group 1-9
2021-06-25 13:13:30,148 INFO o.a.j.t.JMeterThread: Thread started: jp@gc - Load Thread Group 1-8
2021-06-25 13:13:30,248 INFO o.a.j.t.JMeterThread: Thread started: jp@gc - Load Thread Group 1-7
2021-06-25 13:13:30,350 INFO o.a.j.t.JMeterThread: Thread started: jp@gc - Load Thread Group 1-6
2021-06-25 13:13:30,448 INFO o.a.j.t.JMeterThread: Thread started: jp@gc - Load Thread Group 1-5
2021-06-25 13:13:30,548 INFO o.a.j.t.JMeterThread: Thread started: jp@gc - Load Thread Group 1-4
2021-06-25 13:13:30,648 INFO o.a.j.t.JMeterThread: Thread started: jp@gc - Load Thread Group 1-3
2021-06-25 13:13:30,749 INFO o.a.j.t.JMeterThread: Thread started: jp@gc - Load Thread Group 1-2
2021-06-25 13:13:30,849 INFO o.a.j.t.JMeterThread: Thread started: jp@gc - Load Thread Group 1-1
2021-06-25 13:14:02,584 INFO o.a.j.r.Summariser: summary +    111 in 00:00:52 =    2.1/s Avg: 19005 Min:   740 Max: 26654 Err:     0 (0.00%) Active: 100 Started: 100 Finished: 0
2021-06-25 13:14:31,536 INFO o.a.j.r.Summariser: summary +    168 in 00:00:29 =    5.8/s Avg: 12607 Min:  4367 Max: 23889 Err:     9 (5.36%) Active: 100 Started: 100 Finished: 0
2021-06-25 13:14:33,342 INFO o.a.j.r.Summariser: summary =    279 in 00:01:21 =    3.5/s Avg: 15153 Min:   740 Max: 26654 Err:     9 (3.23%)
2021-06-25 13:15:02,778 INFO o.a.j.r.Summariser: summary +    106 in 00:00:31 =    3.4/s Avg: 21494 Min:  9414 Max: 45026 Err:     1 (0.94%) Active: 100 Started: 100 Finished: 0
2021-06-25 13:15:02,779 INFO o.a.j.r.Summariser: summary =    385 in 00:01:52 =    3.4/s Avg: 16899 Min:   740 Max: 45026 Err:    10 (2.60%)
2021-06-25 13:15:13,360 INFO o.a.j.t.JMeterThread: Stopping because end time detected by thread: jp@gc - Load Thread Group 1-90
2021-06-25 13:15:13,361 INFO o.a.j.t.JMeterThread: Thread finished: jp@gc - Load Thread Group 1-90
2021-06-25 13:15:13,469 INFO o.a.j.t.JMeterThread: Stopping because end time detected by thread: jp@gc - Load Thread Group 1-89
2021-06-25 13:15:13,469 INFO o.a.j.t.JMeterThread: Thread finished: jp@gc - Load Thread Group 1-89
2021-06-25 13:15:13,532 INFO o.a.j.t.JMeterThread: Stopping because end time detected by thread: jp@gc - Load Thread Group 1-98
2021-06-25 13:15:13,533 INFO o.a.j.t.JMeterThread: Thread finished: jp@gc - Load Thread Group 1-98
2021-06-25 13:15:13,601 INFO o.a.j.t.JMeterThread: Stopping because end time detected by thread: jp@gc - Load Thread Group 1-82
2021-06-25 13:15:13,602 INFO o.a.j.t.JMeterThread: Thread finished: jp@gc - Load Thread Group 1-82
2021-06-25 13:15:13,624 INFO o.a.j.t.JMeterThread: Stopping because end time detected by thread: jp@gc - Load Thread Group 1-80
2021-06-25 13:15:13,625 INFO o.a.j.t.JMeterThread: Thread finished: jp@gc - Load Thread Group 1-80
2021-06-25 13:15:14,738 INFO o.a.j.t.JMeterThread: Stopping because end time detected by thread: jp@gc - Load Thread Group 1-79
2021-06-25 13:15:14,738 INFO o.a.j.t.JMeterThread: Thread finished: jp@gc - Load Thread Group 1-79
2021-06-25 13:15:14,801 INFO o.a.j.t.JMeterThread: Stopping because end time detected by thread: jp@gc - Load Thread Group 1-78
2021-06-25 13:15:14,802 INFO o.a.j.t.JMeterThread: Thread finished: jp@gc - Load Thread Group 1-78
2021-06-25 13:15:15,041 INFO o.a.j.t.JMeterThread: Stopping because end time detected by thread: jp@gc - Load Thread Group 1-84
2021-06-25 13:15:15,042 INFO o.a.j.t.JMeterThread: Thread finished: jp@gc - Load Thread Group 1-84
2021-06-25 13:15:15,577 INFO o.a.j.t.JMeterThread: Stopping because end time detected by thread: jp@gc - Load Thread Group 1-94
2021-06-25 13:15:15,577 INFO o.a.j.t.JMeterThread: Thread finished: jp@gc - Load Thread Group 1-94
2021-06-25 13:15:15,626 INFO o.a.j.t.JMeterThread: Stopping because end time detected by thread: jp@gc - Load Thread Group 1-91
2021-06-25 13:15:15,626 INFO o.a.j.t.JMeterThread: Thread finished: jp@gc - Load Thread Group 1-91
2021-06-25 13:15:15,642 INFO o.a.j.t.JMeterThread: Stopping because end time detected by thread: jp@gc - Load Thread Group 1-54
2021-06-25 13:15:15,642 INFO o.a.j.t.JMeterThread: Thread finished: jp@gc - Load Thread Group 1-54
2021-06-25 13:15:15,768 INFO o.a.j.t.JMeterThread: Stopping because end time detected by thread: jp@gc - Load Thread Group 1-77
2021-06-25 13:15:15,768 INFO o.a.j.t.JMeterThread: Thread finished: jp@gc - Load Thread Group 1-77
2021-06-25 13:15:15,793 INFO o.a.j.t.JMeterThread: Stopping because end time detected by thread: jp@gc - Load Thread Group 1-97
2021-06-25 13:15:15,793 INFO o.a.j.t.JMeterThread: Thread finished: jp@gc - Load Thread Group 1-97
2021-06-25 13:15:15,903 INFO o.a.j.t.JMeterThread: Stopping because end time detected by thread: jp@gc - Load Thread Group 1-83
2021-06-25 13:15:15,903 INFO o.a.j.t.JMeterThread: Thread finished: jp@gc - Load Thread Group 1-83
2021-06-25 13:15:15,907 INFO o.a.j.t.JMeterThread: Stopping because end time detected by thread: jp@gc - Load Thread Group 1-87
2021-06-25 13:15:15,908 INFO o.a.j.t.JMeterThread: Thread finished: jp@gc - Load Thread Group 1-87
2021-06-25 13:15:15,919 INFO o.a.j.t.JMeterThread: Stopping because end time detected by thread: jp@gc - Load Thread Group 1-92
2021-06-25 13:15:15,920 INFO o.a.j.t.JMeterThread: Thread finished: jp@gc - Load Thread Group 1-92
2021-06-25 13:15:15,971 INFO o.a.j.t.JMeterThread: Stopping because end time detected by thread: jp@gc - Load Thread Group 1-71
2021-06-25 13:15:15,971 INFO o.a.j.t.JMeterThread: Thread finished: jp@gc - Load Thread Group 1-71
2021-06-25 13:15:16,024 INFO o.a.j.t.JMeterThread: Stopping because end time detected by thread: jp@gc - Load Thread Group 1-100
2021-06-25 13:15:16,025 INFO o.a.j.t.JMeterThread: Thread finished: jp@gc - Load Thread Group 1-100
2021-06-25 13:15:15,991 INFO o.a.j.t.JMeterThread: Stopping because end time detected by thread: jp@gc - Load Thread Group 1-73
2021-06-25 13:15:20,675 INFO o.a.j.t.JMeterThread: Thread finished: jp@gc - Load Thread Group 1-73
2021-06-25 13:15:22,984 INFO o.a.j.t.JMeterThread: Stopping because end time detected by thread: jp@gc - Load Thread Group 1-34
2021-06-25 13:15:22,985 INFO o.a.j.t.JMeterThread: Thread finished: jp@gc - Load Thread Group 1-34
2021-06-25 13:15:23,223 INFO o.a.j.t.JMeterThread: Stopping because end time detected by thread: jp@gc - Load Thread Group 1-49
2021-06-25 13:15:23,223 INFO o.a.j.t.JMeterThread: Thread finished: jp@gc - Load Thread Group 1-49
2021-06-25 13:15:23,342 INFO o.a.j.t.JMeterThread: Stopping because end time detected by thread: jp@gc - Load Thread Group 1-6
2021-06-25 13:15:23,343 INFO o.a.j.t.JMeterThread: Thread finished: jp@gc - Load Thread Group 1-6
2021-06-25 13:15:23,483 INFO o.a.j.t.JMeterThread: Stopping because end time detected by thread: jp@gc - Load Thread Group 1-43
2021-06-25 13:15:23,484 INFO o.a.j.t.JMeterThread: Thread finished: jp@gc - Load Thread Group 1-43
2021-06-25 13:15:23,529 INFO o.a.j.t.JMeterThread: Stopping because end time detected by thread: jp@gc - Load Thread Group 1-55
2021-06-25 13:15:23,529 INFO o.a.j.t.JMeterThread: Thread finished: jp@gc - Load Thread Group 1-55
2021-06-25 13:15:23,549 INFO o.a.j.t.JMeterThread: Stopping because end time detected by thread: jp@gc - Load Thread Group 1-62
2021-06-25 13:15:23,549 INFO o.a.j.t.JMeterThread: Thread finished: jp@gc - Load Thread Group 1-62
2021-06-25 13:15:23,562 INFO o.a.j.t.JMeterThread: Stopping because end time detected by thread: jp@gc - Load Thread Group 1-46
2021-06-25 13:15:23,563 INFO o.a.j.t.JMeterThread: Thread finished: jp@gc - Load Thread Group 1-46
2021-06-25 13:15:23,572 INFO o.a.j.t.JMeterThread: Stopping because end time detected by thread: jp@gc - Load Thread Group 1-47
2021-06-25 13:15:23,573 INFO o.a.j.t.JMeterThread: Thread finished: jp@gc - Load Thread Group 1-47
2021-06-25 13:15:23,600 INFO o.a.j.t.JMeterThread: Stopping because end time detected by thread: jp@gc - Load Thread Group 1-67
2021-06-25 13:15:23,601 INFO o.a.j.t.JMeterThread: Thread finished: jp@gc - Load Thread Group 1-67
2021-06-25 13:15:23,607 INFO o.a.j.t.JMeterThread: Stopping because end time detected by thread: jp@gc - Load Thread Group 1-44
2021-06-25 13:15:23,607 INFO o.a.j.t.JMeterThread: Thread finished: jp@gc - Load Thread Group 1-44
2021-06-25 13:15:23,620 INFO o.a.j.t.JMeterThread: Stopping because end time detected by thread: jp@gc - Load Thread Group 1-81
2021-06-25 13:15:23,620 INFO o.a.j.t.JMeterThread: Thread finished: jp@gc - Load Thread Group 1-81
2021-06-25 13:15:23,632 INFO o.a.j.t.JMeterThread: Stopping because end time detected by thread: jp@gc - Load Thread Group 1-72
2021-06-25 13:15:23,633 INFO o.a.j.t.JMeterThread: Thread finished: jp@gc - Load Thread Group 1-72
2021-06-25 13:15:23,802 INFO o.a.j.t.JMeterThread: Stopping because end time detected by thread: jp@gc - Load Thread Group 1-37
2021-06-25 13:15:23,803 INFO o.a.j.t.JMeterThread: Thread finished: jp@gc - Load Thread Group 1-37
2021-06-25 13:15:24,128 INFO o.a.j.t.JMeterThread: Stopping because end time detected by thread: jp@gc - Load Thread Group 1-10
2021-06-25 13:15:24,129 INFO o.a.j.t.JMeterThread: Thread finished: jp@gc - Load Thread Group 1-10
2021-06-25 13:15:24,590 INFO o.a.j.t.JMeterThread: Stopping because end time detected by thread: jp@gc - Load Thread Group 1-12
2021-06-25 13:15:24,591 INFO o.a.j.t.JMeterThread: Thread finished: jp@gc - Load Thread Group 1-12
2021-06-25 13:15:24,913 INFO o.a.j.t.JMeterThread: Stopping because end time detected by thread: jp@gc - Load Thread Group 1-95
2021-06-25 13:15:24,918 INFO o.a.j.t.JMeterThread: Thread finished: jp@gc - Load Thread Group 1-95
2021-06-25 13:15:25,584 INFO o.a.j.t.JMeterThread: Stopping because end time detected by thread: jp@gc - Load Thread Group 1-66
2021-06-25 13:15:25,585 INFO o.a.j.t.JMeterThread: Thread finished: jp@gc - Load Thread Group 1-66
2021-06-25 13:15:25,676 INFO o.a.j.t.JMeterThread: Stopping because end time detected by thread: jp@gc - Load Thread Group 1-57
2021-06-25 13:15:25,676 INFO o.a.j.t.JMeterThread: Thread finished: jp@gc - Load Thread Group 1-57
2021-06-25 13:15:25,889 INFO o.a.j.t.JMeterThread: Stopping because end time detected by thread: jp@gc - Load Thread Group 1-85
2021-06-25 13:15:25,889 INFO o.a.j.t.JMeterThread: Thread finished: jp@gc - Load Thread Group 1-85
2021-06-25 13:15:25,856 INFO o.a.j.t.JMeterThread: Stopping because end time detected by thread: jp@gc - Load Thread Group 1-76
2021-06-25 13:15:25,906 INFO o.a.j.t.JMeterThread: Thread finished: jp@gc - Load Thread Group 1-76
2021-06-25 13:15:25,966 INFO o.a.j.t.JMeterThread: Stopping because end time detected by thread: jp@gc - Load Thread Group 1-86
2021-06-25 13:15:25,967 INFO o.a.j.t.JMeterThread: Thread finished: jp@gc - Load Thread Group 1-86
2021-06-25 13:15:26,105 INFO o.a.j.t.JMeterThread: Stopping because end time detected by thread: jp@gc - Load Thread Group 1-96
2021-06-25 13:15:26,262 INFO o.a.j.t.JMeterThread: Thread finished: jp@gc - Load Thread Group 1-96
2021-06-25 13:15:26,337 INFO o.a.j.t.JMeterThread: Stopping because end time detected by thread: jp@gc - Load Thread Group 1-61
2021-06-25 13:15:26,338 INFO o.a.j.t.JMeterThread: Thread finished: jp@gc - Load Thread Group 1-61
2021-06-25 13:15:26,464 INFO o.a.j.t.JMeterThread: Stopping because end time detected by thread: jp@gc - Load Thread Group 1-39
2021-06-25 13:15:26,470 INFO o.a.j.t.JMeterThread: Thread finished: jp@gc - Load Thread Group 1-39
2021-06-25 13:15:26,651 INFO o.a.j.t.JMeterThread: Stopping because end time detected by thread: jp@gc - Load Thread Group 1-16
2021-06-25 13:15:26,651 INFO o.a.j.t.JMeterThread: Thread finished: jp@gc - Load Thread Group 1-16
2021-06-25 13:15:26,742 INFO o.a.j.t.JMeterThread: Stopping because end time detected by thread: jp@gc - Load Thread Group 1-59
2021-06-25 13:15:26,742 INFO o.a.j.t.JMeterThread: Thread finished: jp@gc - Load Thread Group 1-59
2021-06-25 13:15:26,769 INFO o.a.j.t.JMeterThread: Stopping because end time detected by thread: jp@gc - Load Thread Group 1-30
2021-06-25 13:15:26,773 INFO o.a.j.t.JMeterThread: Thread finished: jp@gc - Load Thread Group 1-30
2021-06-25 13:15:26,781 INFO o.a.j.t.JMeterThread: Stopping because end time detected by thread: jp@gc - Load Thread Group 1-38
2021-06-25 13:15:26,782 INFO o.a.j.t.JMeterThread: Thread finished: jp@gc - Load Thread Group 1-38
2021-06-25 13:15:26,795 INFO o.a.j.t.JMeterThread: Stopping because end time detected by thread: jp@gc - Load Thread Group 1-2
2021-06-25 13:15:26,795 INFO o.a.j.t.JMeterThread: Thread finished: jp@gc - Load Thread Group 1-2
2021-06-25 13:15:26,816 INFO o.a.j.t.JMeterThread: Stopping because end time detected by thread: jp@gc - Load Thread Group 1-31
2021-06-25 13:15:26,820 INFO o.a.j.t.JMeterThread: Thread finished: jp@gc - Load Thread Group 1-31
2021-06-25 13:15:26,821 INFO o.a.j.t.JMeterThread: Stopping because end time detected by thread: jp@gc - Load Thread Group 1-88
2021-06-25 13:15:26,823 INFO o.a.j.t.JMeterThread: Thread finished: jp@gc - Load Thread Group 1-88
2021-06-25 13:15:26,849 INFO o.a.j.t.JMeterThread: Stopping because end time detected by thread: jp@gc - Load Thread Group 1-11
2021-06-25 13:15:26,849 INFO o.a.j.t.JMeterThread: Thread finished: jp@gc - Load Thread Group 1-11
2021-06-25 13:15:26,888 INFO o.a.j.t.JMeterThread: Stopping because end time detected by thread: jp@gc - Load Thread Group 1-14
2021-06-25 13:15:26,939 INFO o.a.j.t.JMeterThread: Thread finished: jp@gc - Load Thread Group 1-14
2021-06-25 13:15:26,946 INFO o.a.j.t.JMeterThread: Stopping because end time detected by thread: jp@gc - Load Thread Group 1-58
2021-06-25 13:15:26,947 INFO o.a.j.t.JMeterThread: Thread finished: jp@gc - Load Thread Group 1-58
2021-06-25 13:15:27,013 INFO o.a.j.t.JMeterThread: Stopping because end time detected by thread: jp@gc - Load Thread Group 1-68
2021-06-25 13:15:27,014 INFO o.a.j.t.JMeterThread: Thread finished: jp@gc - Load Thread Group 1-68
2021-06-25 13:15:27,054 INFO o.a.j.t.JMeterThread: Stopping because end time detected by thread: jp@gc - Load Thread Group 1-5
2021-06-25 13:15:27,055 INFO o.a.j.t.JMeterThread: Thread finished: jp@gc - Load Thread Group 1-5
2021-06-25 13:15:27,214 INFO o.a.j.t.JMeterThread: Stopping because end time detected by thread: jp@gc - Load Thread Group 1-63
2021-06-25 13:15:27,215 INFO o.a.j.t.JMeterThread: Thread finished: jp@gc - Load Thread Group 1-63
2021-06-25 13:15:27,270 INFO o.a.j.t.JMeterThread: Stopping because end time detected by thread: jp@gc - Load Thread Group 1-69
2021-06-25 13:15:27,270 INFO o.a.j.t.JMeterThread: Thread finished: jp@gc - Load Thread Group 1-69
2021-06-25 13:15:27,376 INFO o.a.j.t.JMeterThread: Stopping because end time detected by thread: jp@gc - Load Thread Group 1-36
2021-06-25 13:15:27,378 INFO o.a.j.t.JMeterThread: Thread finished: jp@gc - Load Thread Group 1-36
2021-06-25 13:15:27,452 INFO o.a.j.t.JMeterThread: Stopping because end time detected by thread: jp@gc - Load Thread Group 1-99
2021-06-25 13:15:27,452 INFO o.a.j.t.JMeterThread: Thread finished: jp@gc - Load Thread Group 1-99
2021-06-25 13:15:27,455 INFO o.a.j.t.JMeterThread: Stopping because end time detected by thread: jp@gc - Load Thread Group 1-53
2021-06-25 13:15:27,456 INFO o.a.j.t.JMeterThread: Thread finished: jp@gc - Load Thread Group 1-53
2021-06-25 13:15:27,591 INFO o.a.j.t.JMeterThread: Stopping because end time detected by thread: jp@gc - Load Thread Group 1-32
2021-06-25 13:15:27,593 INFO o.a.j.t.JMeterThread: Thread finished: jp@gc - Load Thread Group 1-32
2021-06-25 13:15:27,620 INFO o.a.j.t.JMeterThread: Stopping because end time detected by thread: jp@gc - Load Thread Group 1-13
2021-06-25 13:15:27,621 INFO o.a.j.t.JMeterThread: Thread finished: jp@gc - Load Thread Group 1-13
2021-06-25 13:15:27,628 INFO o.a.j.t.JMeterThread: Stopping because end time detected by thread: jp@gc - Load Thread Group 1-21
2021-06-25 13:15:27,629 INFO o.a.j.t.JMeterThread: Thread finished: jp@gc - Load Thread Group 1-21
2021-06-25 13:15:27,666 INFO o.a.j.t.JMeterThread: Stopping because end time detected by thread: jp@gc - Load Thread Group 1-29
2021-06-25 13:15:27,684 INFO o.a.j.t.JMeterThread: Thread finished: jp@gc - Load Thread Group 1-29
2021-06-25 13:15:27,879 INFO o.a.j.t.JMeterThread: Stopping because end time detected by thread: jp@gc - Load Thread Group 1-1
2021-06-25 13:15:27,880 INFO o.a.j.t.JMeterThread: Thread finished: jp@gc - Load Thread Group 1-1
2021-06-25 13:15:27,968 INFO o.a.j.t.JMeterThread: Stopping because end time detected by thread: jp@gc - Load Thread Group 1-17
2021-06-25 13:15:27,968 INFO o.a.j.t.JMeterThread: Thread finished: jp@gc - Load Thread Group 1-17
2021-06-25 13:15:28,110 INFO o.a.j.t.JMeterThread: Stopping because end time detected by thread: jp@gc - Load Thread Group 1-70
2021-06-25 13:15:28,112 INFO o.a.j.t.JMeterThread: Thread finished: jp@gc - Load Thread Group 1-70
2021-06-25 13:15:28,203 INFO o.a.j.t.JMeterThread: Stopping because end time detected by thread: jp@gc - Load Thread Group 1-24
2021-06-25 13:15:28,204 INFO o.a.j.t.JMeterThread: Thread finished: jp@gc - Load Thread Group 1-24
2021-06-25 13:15:28,288 INFO o.a.j.t.JMeterThread: Stopping because end time detected by thread: jp@gc - Load Thread Group 1-19
2021-06-25 13:15:28,289 INFO o.a.j.t.JMeterThread: Thread finished: jp@gc - Load Thread Group 1-19
2021-06-25 13:15:28,290 INFO o.a.j.t.JMeterThread: Stopping because end time detected by thread: jp@gc - Load Thread Group 1-40
2021-06-25 13:15:28,291 INFO o.a.j.t.JMeterThread: Thread finished: jp@gc - Load Thread Group 1-40
2021-06-25 13:15:28,409 INFO o.a.j.t.JMeterThread: Stopping because end time detected by thread: jp@gc - Load Thread Group 1-25
2021-06-25 13:15:28,418 INFO o.a.j.t.JMeterThread: Thread finished: jp@gc - Load Thread Group 1-25
2021-06-25 13:15:28,581 INFO o.a.j.t.JMeterThread: Stopping because end time detected by thread: jp@gc - Load Thread Group 1-9
2021-06-25 13:15:28,582 INFO o.a.j.t.JMeterThread: Thread finished: jp@gc - Load Thread Group 1-9
2021-06-25 13:15:28,598 INFO o.a.j.t.JMeterThread: Stopping because end time detected by thread: jp@gc - Load Thread Group 1-50
2021-06-25 13:15:28,598 INFO o.a.j.t.JMeterThread: Thread finished: jp@gc - Load Thread Group 1-50
2021-06-25 13:15:28,631 INFO o.a.j.t.JMeterThread: Stopping because end time detected by thread: jp@gc - Load Thread Group 1-51
2021-06-25 13:15:28,632 INFO o.a.j.t.JMeterThread: Thread finished: jp@gc - Load Thread Group 1-51
2021-06-25 13:15:28,688 INFO o.a.j.t.JMeterThread: Stopping because end time detected by thread: jp@gc - Load Thread Group 1-52
2021-06-25 13:15:28,691 INFO o.a.j.t.JMeterThread: Thread finished: jp@gc - Load Thread Group 1-52
2021-06-25 13:15:28,696 INFO o.a.j.t.JMeterThread: Stopping because end time detected by thread: jp@gc - Load Thread Group 1-93
2021-06-25 13:15:28,696 INFO o.a.j.t.JMeterThread: Thread finished: jp@gc - Load Thread Group 1-93
2021-06-25 13:15:28,733 INFO o.a.j.t.JMeterThread: Stopping because end time detected by thread: jp@gc - Load Thread Group 1-18
2021-06-25 13:15:28,734 INFO o.a.j.t.JMeterThread: Thread finished: jp@gc - Load Thread Group 1-18
2021-06-25 13:15:28,737 INFO o.a.j.t.JMeterThread: Stopping because end time detected by thread: jp@gc - Load Thread Group 1-45
2021-06-25 13:15:28,738 INFO o.a.j.t.JMeterThread: Thread finished: jp@gc - Load Thread Group 1-45
2021-06-25 13:15:28,801 INFO o.a.j.t.JMeterThread: Stopping because end time detected by thread: jp@gc - Load Thread Group 1-7
2021-06-25 13:15:28,802 INFO o.a.j.t.JMeterThread: Thread finished: jp@gc - Load Thread Group 1-7
2021-06-25 13:15:28,810 INFO o.a.j.t.JMeterThread: Stopping because end time detected by thread: jp@gc - Load Thread Group 1-33
2021-06-25 13:15:28,811 INFO o.a.j.t.JMeterThread: Stopping because end time detected by thread: jp@gc - Load Thread Group 1-64
2021-06-25 13:15:28,811 INFO o.a.j.t.JMeterThread: Thread finished: jp@gc - Load Thread Group 1-64
2021-06-25 13:15:28,812 INFO o.a.j.t.JMeterThread: Thread finished: jp@gc - Load Thread Group 1-33
2021-06-25 13:15:28,823 INFO o.a.j.t.JMeterThread: Stopping because end time detected by thread: jp@gc - Load Thread Group 1-3
2021-06-25 13:15:28,824 INFO o.a.j.t.JMeterThread: Thread finished: jp@gc - Load Thread Group 1-3
2021-06-25 13:15:28,837 INFO o.a.j.t.JMeterThread: Stopping because end time detected by thread: jp@gc - Load Thread Group 1-75
2021-06-25 13:15:28,838 INFO o.a.j.t.JMeterThread: Thread finished: jp@gc - Load Thread Group 1-75
2021-06-25 13:15:28,917 INFO o.a.j.t.JMeterThread: Stopping because end time detected by thread: jp@gc - Load Thread Group 1-42
2021-06-25 13:15:28,917 INFO o.a.j.t.JMeterThread: Thread finished: jp@gc - Load Thread Group 1-42
2021-06-25 13:15:28,969 INFO o.a.j.t.JMeterThread: Stopping because end time detected by thread: jp@gc - Load Thread Group 1-41
2021-06-25 13:15:28,969 INFO o.a.j.t.JMeterThread: Thread finished: jp@gc - Load Thread Group 1-41
2021-06-25 13:15:29,009 INFO o.a.j.t.JMeterThread: Stopping because end time detected by thread: jp@gc - Load Thread Group 1-26
2021-06-25 13:15:29,009 INFO o.a.j.t.JMeterThread: Thread finished: jp@gc - Load Thread Group 1-26
2021-06-25 13:15:29,043 INFO o.a.j.t.JMeterThread: Stopping because end time detected by thread: jp@gc - Load Thread Group 1-20
2021-06-25 13:15:29,044 INFO o.a.j.t.JMeterThread: Thread finished: jp@gc - Load Thread Group 1-20
2021-06-25 13:15:29,056 INFO o.a.j.t.JMeterThread: Stopping because end time detected by thread: jp@gc - Load Thread Group 1-74
2021-06-25 13:15:29,057 INFO o.a.j.t.JMeterThread: Thread finished: jp@gc - Load Thread Group 1-74
2021-06-25 13:15:29,085 INFO o.a.j.t.JMeterThread: Stopping because end time detected by thread: jp@gc - Load Thread Group 1-28
2021-06-25 13:15:29,085 INFO o.a.j.t.JMeterThread: Thread finished: jp@gc - Load Thread Group 1-28
2021-06-25 13:15:29,102 INFO o.a.j.t.JMeterThread: Stopping because end time detected by thread: jp@gc - Load Thread Group 1-8
2021-06-25 13:15:29,102 INFO o.a.j.t.JMeterThread: Thread finished: jp@gc - Load Thread Group 1-8
2021-06-25 13:15:29,129 INFO o.a.j.t.JMeterThread: Stopping because end time detected by thread: jp@gc - Load Thread Group 1-27
2021-06-25 13:15:29,130 INFO o.a.j.t.JMeterThread: Thread finished: jp@gc - Load Thread Group 1-27
2021-06-25 13:15:29,140 INFO o.a.j.t.JMeterThread: Stopping because end time detected by thread: jp@gc - Load Thread Group 1-48
2021-06-25 13:15:29,141 INFO o.a.j.t.JMeterThread: Thread finished: jp@gc - Load Thread Group 1-48
2021-06-25 13:15:29,164 INFO o.a.j.t.JMeterThread: Stopping because end time detected by thread: jp@gc - Load Thread Group 1-35
2021-06-25 13:15:29,165 INFO o.a.j.t.JMeterThread: Thread finished: jp@gc - Load Thread Group 1-35
2021-06-25 13:15:29,184 INFO o.a.j.t.JMeterThread: Stopping because end time detected by thread: jp@gc - Load Thread Group 1-23
2021-06-25 13:15:29,185 INFO o.a.j.t.JMeterThread: Thread finished: jp@gc - Load Thread Group 1-23
2021-06-25 13:15:29,190 INFO o.a.j.t.JMeterThread: Stopping because end time detected by thread: jp@gc - Load Thread Group 1-22
2021-06-25 13:15:29,191 INFO o.a.j.t.JMeterThread: Thread finished: jp@gc - Load Thread Group 1-22
2021-06-25 13:15:29,228 INFO o.a.j.t.JMeterThread: Stopping because end time detected by thread: jp@gc - Load Thread Group 1-60
2021-06-25 13:15:29,228 INFO o.a.j.t.JMeterThread: Thread finished: jp@gc - Load Thread Group 1-60
2021-06-25 13:15:29,232 INFO o.a.j.t.JMeterThread: Stopping because end time detected by thread: jp@gc - Load Thread Group 1-65
2021-06-25 13:15:29,232 INFO o.a.j.t.JMeterThread: Thread finished: jp@gc - Load Thread Group 1-65
2021-06-25 13:15:29,251 INFO o.a.j.t.JMeterThread: Stopping because end time detected by thread: jp@gc - Load Thread Group 1-56
2021-06-25 13:15:29,251 INFO o.a.j.t.JMeterThread: Thread finished: jp@gc - Load Thread Group 1-56
2021-06-25 13:15:29,259 INFO o.a.j.t.JMeterThread: Stopping because end time detected by thread: jp@gc - Load Thread Group 1-4
2021-06-25 13:15:29,259 INFO o.a.j.t.JMeterThread: Thread finished: jp@gc - Load Thread Group 1-4
2021-06-25 13:15:29,288 INFO o.a.j.t.JMeterThread: Stopping because end time detected by thread: jp@gc - Load Thread Group 1-15
2021-06-25 13:15:29,289 INFO o.a.j.t.JMeterThread: Thread finished: jp@gc - Load Thread Group 1-15
2021-06-25 13:15:29,300 INFO o.a.j.e.StandardJMeterEngine: Notifying test listeners of end of test
2021-06-25 13:15:29,324 INFO o.a.j.r.Summariser: summary +    159 in 00:00:27 =    6.0/s Avg: 25378 Min:  6678 Max: 45976 Err:     8 (5.03%) Active: 0 Started: 100 Finished: 100
2021-06-25 13:15:29,326 INFO o.a.j.r.Summariser: summary =    544 in 00:02:19 =    3.9/s Avg: 19377 Min:   740 Max: 45976 Err:    18 (3.31%)
